

Started GET "/" for 50.24.58.2 at 2021-03-02 21:10:38 +0000


Started GET "/movies" for 50.24.58.2 at 2021-03-02 21:10:38 +0000
Processing by MoviesController#index as HTML
  [1m[36mMovie Load (0.4ms)[0m  [1mSELECT "movies".* FROM "movies"[0m
  Rendered movies/index.html.erb within layouts/application (6.4ms)
Completed 500 Internal Server Error in 22ms (ActiveRecord: 0.4ms)

ActionView::Template::Error (SQLite3::SQLException: no such table: movies: SELECT "movies".* FROM "movies"):
    23:     </tr>
    24:   </thead>
    25:   <tbody>
    26:     <% @movies.each do |movie| %>
    27:       <tr>
    28:         <td>
    29:           <%= movie.title %>
  app/views/movies/index.html.erb:26:in `_app_views_movies_index_html_erb__3471004754303437749_38783820'


  Rendered /home/ec2-user/.rvm/gems/ruby-2.6.6/gems/actionpack-4.2.11/lib/action_dispatch/middleware/templates/rescues/_source.erb (3.7ms)
  Rendered /home/ec2-user/.rvm/gems/ruby-2.6.6/gems/actionpack-4.2.11/lib/action_dispatch/middleware/templates/rescues/_trace.html.erb (1.9ms)
  Rendered /home/ec2-user/.rvm/gems/ruby-2.6.6/gems/actionpack-4.2.11/lib/action_dispatch/middleware/templates/rescues/_request_and_response.html.erb (2.3ms)
  Rendered /home/ec2-user/.rvm/gems/ruby-2.6.6/gems/actionpack-4.2.11/lib/action_dispatch/middleware/templates/rescues/template_error.html.erb within rescues/layout (21.7ms)
  [1m[36m (9.5ms)[0m  [1mCREATE TABLE "movies" ("id" INTEGER PRIMARY KEY AUTOINCREMENT NOT NULL, "title" varchar(255), "rating" varchar(255), "description" text, "release_date" datetime, "created_at" datetime, "updated_at" datetime) [0m
  [1m[35m (3.2ms)[0m  CREATE TABLE "schema_migrations" ("version" varchar NOT NULL) 
  [1m[36m (0.1ms)[0m  [1mselect sqlite_version(*)[0m
  [1m[35m (3.1ms)[0m  CREATE UNIQUE INDEX "unique_schema_migrations" ON "schema_migrations" ("version")
  [1m[36m (0.1ms)[0m  [1mSELECT version FROM "schema_migrations"[0m
  [1m[35m (2.9ms)[0m  INSERT INTO "schema_migrations" (version) VALUES ('20111119180638')
  [1m[36m (3.1ms)[0m  [1mCREATE TABLE "movies" ("id" INTEGER PRIMARY KEY AUTOINCREMENT NOT NULL, "title" varchar(255), "rating" varchar(255), "description" text, "release_date" datetime, "created_at" datetime, "updated_at" datetime) [0m
  [1m[35m (3.3ms)[0m  CREATE TABLE "schema_migrations" ("version" varchar NOT NULL) 
  [1m[36m (0.1ms)[0m  [1mselect sqlite_version(*)[0m
  [1m[35m (3.1ms)[0m  CREATE UNIQUE INDEX "unique_schema_migrations" ON "schema_migrations" ("version")
  [1m[36m (0.1ms)[0m  [1mSELECT version FROM "schema_migrations"[0m
  [1m[35m (3.2ms)[0m  INSERT INTO "schema_migrations" (version) VALUES ('20111119180638')
  [1m[36mActiveRecord::SchemaMigration Load (0.1ms)[0m  [1mSELECT "schema_migrations".* FROM "schema_migrations"[0m
  [1m[35m (0.0ms)[0m  begin transaction
  [1m[36mSQL (3.6ms)[0m  [1mINSERT INTO "movies" ("title", "rating", "release_date", "created_at", "updated_at") VALUES (?, ?, ?, ?, ?)[0m  [["title", "Aladdin"], ["rating", "G"], ["release_date", "1992-11-25 00:00:00.000000"], ["created_at", "2021-03-02 21:10:57.595702"], ["updated_at", "2021-03-02 21:10:57.595702"]]
  [1m[35m (3.6ms)[0m  commit transaction
  [1m[36m (0.0ms)[0m  [1mbegin transaction[0m
  [1m[35mSQL (0.1ms)[0m  INSERT INTO "movies" ("title", "rating", "release_date", "created_at", "updated_at") VALUES (?, ?, ?, ?, ?)  [["title", "The Terminator"], ["rating", "R"], ["release_date", "1984-10-26 00:00:00.000000"], ["created_at", "2021-03-02 21:10:57.604670"], ["updated_at", "2021-03-02 21:10:57.604670"]]
  [1m[36m (3.6ms)[0m  [1mcommit transaction[0m
  [1m[35m (0.0ms)[0m  begin transaction
  [1m[36mSQL (0.1ms)[0m  [1mINSERT INTO "movies" ("title", "rating", "release_date", "created_at", "updated_at") VALUES (?, ?, ?, ?, ?)[0m  [["title", "When Harry Met Sally"], ["rating", "R"], ["release_date", "1989-07-21 00:00:00.000000"], ["created_at", "2021-03-02 21:10:57.609685"], ["updated_at", "2021-03-02 21:10:57.609685"]]
  [1m[35m (3.5ms)[0m  commit transaction
  [1m[36m (0.0ms)[0m  [1mbegin transaction[0m
  [1m[35mSQL (0.1ms)[0m  INSERT INTO "movies" ("title", "rating", "release_date", "created_at", "updated_at") VALUES (?, ?, ?, ?, ?)  [["title", "The Help"], ["rating", "PG-13"], ["release_date", "2011-08-10 00:00:00.000000"], ["created_at", "2021-03-02 21:10:57.614514"], ["updated_at", "2021-03-02 21:10:57.614514"]]
  [1m[36m (3.4ms)[0m  [1mcommit transaction[0m
  [1m[35m (0.0ms)[0m  begin transaction
  [1m[36mSQL (0.1ms)[0m  [1mINSERT INTO "movies" ("title", "rating", "release_date", "created_at", "updated_at") VALUES (?, ?, ?, ?, ?)[0m  [["title", "Chocolat"], ["rating", "PG-13"], ["release_date", "2001-01-05 00:00:00.000000"], ["created_at", "2021-03-02 21:10:57.619169"], ["updated_at", "2021-03-02 21:10:57.619169"]]
  [1m[35m (3.1ms)[0m  commit transaction
  [1m[36m (0.0ms)[0m  [1mbegin transaction[0m
  [1m[35mSQL (0.1ms)[0m  INSERT INTO "movies" ("title", "rating", "release_date", "created_at", "updated_at") VALUES (?, ?, ?, ?, ?)  [["title", "Amelie"], ["rating", "R"], ["release_date", "2001-04-25 00:00:00.000000"], ["created_at", "2021-03-02 21:10:57.623425"], ["updated_at", "2021-03-02 21:10:57.623425"]]
  [1m[36m (3.0ms)[0m  [1mcommit transaction[0m
  [1m[35m (0.0ms)[0m  begin transaction
  [1m[36mSQL (0.1ms)[0m  [1mINSERT INTO "movies" ("title", "rating", "release_date", "created_at", "updated_at") VALUES (?, ?, ?, ?, ?)[0m  [["title", "2001: A Space Odyssey"], ["rating", "G"], ["release_date", "1968-04-06 00:00:00.000000"], ["created_at", "2021-03-02 21:10:57.627656"], ["updated_at", "2021-03-02 21:10:57.627656"]]
  [1m[35m (2.9ms)[0m  commit transaction
  [1m[36m (0.0ms)[0m  [1mbegin transaction[0m
  [1m[35mSQL (0.1ms)[0m  INSERT INTO "movies" ("title", "rating", "release_date", "created_at", "updated_at") VALUES (?, ?, ?, ?, ?)  [["title", "The Incredibles"], ["rating", "PG"], ["release_date", "2004-11-05 00:00:00.000000"], ["created_at", "2021-03-02 21:10:57.631696"], ["updated_at", "2021-03-02 21:10:57.631696"]]
  [1m[36m (2.8ms)[0m  [1mcommit transaction[0m
  [1m[35m (0.0ms)[0m  begin transaction
  [1m[36mSQL (0.1ms)[0m  [1mINSERT INTO "movies" ("title", "rating", "release_date", "created_at", "updated_at") VALUES (?, ?, ?, ?, ?)[0m  [["title", "Raiders of the Lost Ark"], ["rating", "PG"], ["release_date", "1981-06-12 00:00:00.000000"], ["created_at", "2021-03-02 21:10:57.635602"], ["updated_at", "2021-03-02 21:10:57.635602"]]
  [1m[35m (3.2ms)[0m  commit transaction
  [1m[36m (0.0ms)[0m  [1mbegin transaction[0m
  [1m[35mSQL (0.1ms)[0m  INSERT INTO "movies" ("title", "rating", "release_date", "created_at", "updated_at") VALUES (?, ?, ?, ?, ?)  [["title", "Chicken Run"], ["rating", "G"], ["release_date", "2000-06-21 00:00:00.000000"], ["created_at", "2021-03-02 21:10:57.639915"], ["updated_at", "2021-03-02 21:10:57.639915"]]
  [1m[36m (2.9ms)[0m  [1mcommit transaction[0m


Started GET "/" for 50.24.58.2 at 2021-03-02 21:11:03 +0000


Started GET "/movies" for 50.24.58.2 at 2021-03-02 21:11:03 +0000
Processing by MoviesController#index as HTML
  [1m[36mMovie Load (9.4ms)[0m  [1mSELECT "movies".* FROM "movies"[0m
  Rendered movies/index.html.erb within layouts/application (43.6ms)
Completed 200 OK in 625ms (Views: 608.0ms | ActiveRecord: 9.7ms)


Started GET "/assets/application.self-ac4347b135ab8935f2dd20089f2acc8bec1d6b2ad528a80fcb03cd445dbd4d27.js?body=1" for 50.24.58.2 at 2021-03-02 21:11:04 +0000


Started GET "/movies?utf8=%E2%9C%93&sort=&sort=&ratings%5BPG-13%5D=1&sort=&sort=&commit=Refresh" for 50.24.58.2 at 2021-03-02 21:11:10 +0000
Processing by MoviesController#index as HTML
  Parameters: {"utf8"=>"✓", "sort"=>"", "ratings"=>{"PG-13"=>"1"}, "commit"=>"Refresh"}
  [1m[35mMovie Load (0.2ms)[0m  SELECT "movies".* FROM "movies" WHERE "movies"."rating" = 'PG-13'
  Rendered movies/index.html.erb within layouts/application (3.0ms)
Completed 200 OK in 41ms (Views: 35.9ms | ActiveRecord: 0.2ms)


Started GET "/movies?utf8=%E2%9C%93&sort=&ratings%5BPG%5D=1&sort=&ratings%5BPG-13%5D=1&sort=&sort=&commit=Refresh" for 50.24.58.2 at 2021-03-02 21:11:13 +0000
Processing by MoviesController#index as HTML
  Parameters: {"utf8"=>"✓", "sort"=>"", "ratings"=>{"PG"=>"1", "PG-13"=>"1"}, "commit"=>"Refresh"}
  [1m[36mMovie Load (0.2ms)[0m  [1mSELECT "movies".* FROM "movies" WHERE "movies"."rating" IN ('PG', 'PG-13')[0m
  Rendered movies/index.html.erb within layouts/application (3.5ms)
Completed 200 OK in 17ms (Views: 16.0ms | ActiveRecord: 0.2ms)


Started GET "/movies?ratings%5BPG%5D=1&ratings%5BPG-13%5D=1&sort=release_date" for 50.24.58.2 at 2021-03-02 21:11:15 +0000
Processing by MoviesController#index as HTML
  Parameters: {"ratings"=>{"PG"=>"1", "PG-13"=>"1"}, "sort"=>"release_date"}
  [1m[35mMovie Load (0.2ms)[0m  SELECT "movies".* FROM "movies" WHERE "movies"."rating" IN ('PG', 'PG-13')  ORDER BY release_date
  Rendered movies/index.html.erb within layouts/application (9.1ms)
Completed 200 OK in 21ms (Views: 20.2ms | ActiveRecord: 0.2ms)


Started GET "/movies/9" for 50.24.58.2 at 2021-03-02 21:11:17 +0000
Processing by MoviesController#show as HTML
  Parameters: {"id"=>"9"}
  [1m[36mMovie Load (0.3ms)[0m  [1mSELECT  "movies".* FROM "movies" WHERE "movies"."id" = ? LIMIT 1[0m  [["id", 9]]
  Rendered movies/show.html.haml within layouts/application (3.7ms)
Completed 200 OK in 22ms (Views: 17.0ms | ActiveRecord: 0.3ms)


Started GET "/movies" for 50.24.58.2 at 2021-03-02 21:11:19 +0000
Processing by MoviesController#index as HTML
  [1m[35mMovie Load (0.2ms)[0m  SELECT "movies".* FROM "movies" WHERE "movies"."rating" IN ('PG', 'PG-13')  ORDER BY release_date
  Rendered movies/index.html.erb within layouts/application (6.1ms)
Completed 200 OK in 25ms (Views: 23.7ms | ActiveRecord: 0.2ms)


Started GET "/movies?ratings%5BPG%5D=1&ratings%5BPG-13%5D=1&sort=title" for 50.24.58.2 at 2021-03-02 21:11:23 +0000
Processing by MoviesController#index as HTML
  Parameters: {"ratings"=>{"PG"=>"1", "PG-13"=>"1"}, "sort"=>"title"}
  [1m[36mMovie Load (0.2ms)[0m  [1mSELECT "movies".* FROM "movies" WHERE "movies"."rating" IN ('PG', 'PG-13')  ORDER BY title[0m
  Rendered movies/index.html.erb within layouts/application (3.3ms)
Completed 200 OK in 19ms (Views: 18.4ms | ActiveRecord: 0.2ms)


Started GET "/movies?ratings%5BPG%5D=1&ratings%5BPG-13%5D=1&sort=title" for 50.24.58.2 at 2021-03-02 21:12:02 +0000
Processing by MoviesController#index as HTML
  Parameters: {"ratings"=>{"PG"=>"1", "PG-13"=>"1"}, "sort"=>"title"}
  [1m[35mMovie Load (0.2ms)[0m  SELECT "movies".* FROM "movies" WHERE "movies"."rating" IN ('PG', 'PG-13')  ORDER BY title
  Rendered movies/index.html.erb within layouts/application (4.2ms)
Completed 200 OK in 14ms (Views: 13.3ms | ActiveRecord: 0.2ms)


Started GET "/movies?ratings%5BPG%5D=1&ratings%5BPG-13%5D=1&sort=title" for 50.24.58.2 at 2021-03-02 21:12:39 +0000
Processing by MoviesController#index as HTML
  Parameters: {"ratings"=>{"PG"=>"1", "PG-13"=>"1"}, "sort"=>"title"}
  [1m[36mMovie Load (0.2ms)[0m  [1mSELECT "movies".* FROM "movies" WHERE "movies"."rating" IN ('PG', 'PG-13')  ORDER BY title[0m
  Rendered movies/index.html.erb within layouts/application (3.7ms)
Completed 200 OK in 18ms (Views: 16.3ms | ActiveRecord: 0.2ms)
  [1m[36m (6.9ms)[0m  [1mCREATE TABLE "movies" ("id" INTEGER PRIMARY KEY AUTOINCREMENT NOT NULL, "title" varchar(255), "rating" varchar(255), "description" text, "release_date" datetime, "created_at" datetime, "updated_at" datetime) [0m
  [1m[35m (3.2ms)[0m  CREATE TABLE "schema_migrations" ("version" varchar NOT NULL) 
  [1m[36m (0.1ms)[0m  [1mselect sqlite_version(*)[0m
  [1m[35m (3.3ms)[0m  CREATE UNIQUE INDEX "unique_schema_migrations" ON "schema_migrations" ("version")
  [1m[36m (0.1ms)[0m  [1mSELECT version FROM "schema_migrations"[0m
  [1m[35m (3.2ms)[0m  INSERT INTO "schema_migrations" (version) VALUES ('20111119180638')
  [1m[36m (8.2ms)[0m  [1mCREATE TABLE "movies" ("id" INTEGER PRIMARY KEY AUTOINCREMENT NOT NULL, "title" varchar(255), "rating" varchar(255), "description" text, "release_date" datetime, "created_at" datetime, "updated_at" datetime) [0m
  [1m[35m (3.5ms)[0m  CREATE TABLE "schema_migrations" ("version" varchar NOT NULL) 
  [1m[36m (0.1ms)[0m  [1mselect sqlite_version(*)[0m
  [1m[35m (3.3ms)[0m  CREATE UNIQUE INDEX "unique_schema_migrations" ON "schema_migrations" ("version")
  [1m[36m (0.1ms)[0m  [1mSELECT version FROM "schema_migrations"[0m
  [1m[35m (3.2ms)[0m  INSERT INTO "schema_migrations" (version) VALUES ('20111119180638')
  [1m[36m (6.7ms)[0m  [1mCREATE TABLE "movies" ("id" INTEGER PRIMARY KEY AUTOINCREMENT NOT NULL, "title" varchar(255), "rating" varchar(255), "description" text, "release_date" datetime, "created_at" datetime, "updated_at" datetime) [0m
  [1m[35m (3.4ms)[0m  CREATE TABLE "schema_migrations" ("version" varchar NOT NULL) 
  [1m[36m (0.1ms)[0m  [1mselect sqlite_version(*)[0m
  [1m[35m (3.5ms)[0m  CREATE UNIQUE INDEX "unique_schema_migrations" ON "schema_migrations" ("version")
  [1m[36m (0.1ms)[0m  [1mSELECT version FROM "schema_migrations"[0m
  [1m[35m (3.5ms)[0m  INSERT INTO "schema_migrations" (version) VALUES ('20111119180638')
  [1m[36m (8.1ms)[0m  [1mCREATE TABLE "movies" ("id" INTEGER PRIMARY KEY AUTOINCREMENT NOT NULL, "title" varchar(255), "rating" varchar(255), "description" text, "release_date" datetime, "created_at" datetime, "updated_at" datetime) [0m
  [1m[35m (3.1ms)[0m  CREATE TABLE "schema_migrations" ("version" varchar NOT NULL) 
  [1m[36m (0.1ms)[0m  [1mselect sqlite_version(*)[0m
  [1m[35m (3.3ms)[0m  CREATE UNIQUE INDEX "unique_schema_migrations" ON "schema_migrations" ("version")
  [1m[36m (0.1ms)[0m  [1mSELECT version FROM "schema_migrations"[0m
  [1m[35m (3.1ms)[0m  INSERT INTO "schema_migrations" (version) VALUES ('20111119180638')
  [1m[36m (7.6ms)[0m  [1mCREATE TABLE "movies" ("id" INTEGER PRIMARY KEY AUTOINCREMENT NOT NULL, "title" varchar(255), "rating" varchar(255), "description" text, "release_date" datetime, "created_at" datetime, "updated_at" datetime) [0m
  [1m[35m (3.0ms)[0m  CREATE TABLE "schema_migrations" ("version" varchar NOT NULL) 
  [1m[36m (0.1ms)[0m  [1mselect sqlite_version(*)[0m
  [1m[35m (3.5ms)[0m  CREATE UNIQUE INDEX "unique_schema_migrations" ON "schema_migrations" ("version")
  [1m[36m (0.1ms)[0m  [1mSELECT version FROM "schema_migrations"[0m
  [1m[35m (3.4ms)[0m  INSERT INTO "schema_migrations" (version) VALUES ('20111119180638')


Started GET "/" for 50.24.58.2 at 2021-03-03 21:51:32 +0000


Started GET "/movies" for 50.24.58.2 at 2021-03-03 21:51:33 +0000
Processing by MoviesController#index as HTML
  [1m[36mMovie Load (0.3ms)[0m  [1mSELECT "movies".* FROM "movies" WHERE "movies"."rating" IN ('PG', 'PG-13')  ORDER BY title[0m
  Rendered movies/index.html.erb within layouts/application (17.4ms)
Completed 200 OK in 257ms (Views: 239.7ms | ActiveRecord: 2.2ms)


Started GET "/assets/application.self-ac4347b135ab8935f2dd20089f2acc8bec1d6b2ad528a80fcb03cd445dbd4d27.js?body=1" for 50.24.58.2 at 2021-03-03 21:51:33 +0000


Started GET "/movies?ratings%5BPG%5D=1&ratings%5BPG-13%5D=1&sort=release_date" for 50.24.58.2 at 2021-03-03 21:51:35 +0000
Processing by MoviesController#index as HTML
  Parameters: {"ratings"=>{"PG"=>"1", "PG-13"=>"1"}, "sort"=>"release_date"}
  [1m[35mMovie Load (0.2ms)[0m  SELECT "movies".* FROM "movies" WHERE "movies"."rating" IN ('PG', 'PG-13')  ORDER BY release_date
  Rendered movies/index.html.erb within layouts/application (5.5ms)
Completed 200 OK in 19ms (Views: 18.0ms | ActiveRecord: 0.2ms)


Started GET "/movies?utf8=%E2%9C%93&sort=release_date&ratings%5BPG%5D=1&sort=release_date&ratings%5BPG-13%5D=1&sort=release_date&sort=release_date&sort=release_date&commit=Refresh" for 50.24.58.2 at 2021-03-03 21:51:37 +0000
Processing by MoviesController#index as HTML
  Parameters: {"utf8"=>"✓", "sort"=>"release_date", "ratings"=>{"PG"=>"1", "PG-13"=>"1"}, "commit"=>"Refresh"}
  [1m[36mMovie Load (0.3ms)[0m  [1mSELECT "movies".* FROM "movies" WHERE "movies"."rating" IN ('PG', 'PG-13')  ORDER BY release_date[0m
  Rendered movies/index.html.erb within layouts/application (3.4ms)
Completed 200 OK in 19ms (Views: 17.7ms | ActiveRecord: 0.3ms)


Started GET "/movies/9" for 50.24.58.2 at 2021-03-03 21:51:40 +0000
Processing by MoviesController#show as HTML
  Parameters: {"id"=>"9"}
  [1m[35mMovie Load (0.2ms)[0m  SELECT  "movies".* FROM "movies" WHERE "movies"."id" = ? LIMIT 1  [["id", 9]]
  Rendered movies/show.html.haml within layouts/application (3.1ms)
Completed 200 OK in 22ms (Views: 17.2ms | ActiveRecord: 0.2ms)


Started GET "/movies" for 50.24.58.2 at 2021-03-03 21:51:43 +0000
Processing by MoviesController#index as HTML
  [1m[36mMovie Load (0.2ms)[0m  [1mSELECT "movies".* FROM "movies" WHERE "movies"."rating" IN ('PG', 'PG-13')  ORDER BY release_date[0m
  Rendered movies/index.html.erb within layouts/application (3.9ms)
Completed 200 OK in 18ms (Views: 17.0ms | ActiveRecord: 0.2ms)


Started GET "/movies" for 50.24.58.2 at 2021-03-03 21:53:21 +0000
Processing by MoviesController#index as HTML
  [1m[36mMovie Load (0.1ms)[0m  [1mSELECT "movies".* FROM "movies" WHERE "movies"."rating" IN ('PG', 'PG-13')  ORDER BY release_date[0m
  Rendered movies/index.html.erb within layouts/application (14.0ms)
Completed 200 OK in 242ms (Views: 231.7ms | ActiveRecord: 1.4ms)
